<?xml version="1.0" encoding="UTF-8"?>
<testsuite xmlns:xsi="http://www.w3.org/2001/XMLSchema-instance" xsi:noNamespaceSchemaLocation="https://maven.apache.org/surefire/maven-surefire-plugin/xsd/surefire-test-report.xsd" name="turingmachine.PalindromeTest" time="3.208" tests="120" errors="0" skipped="0" failures="0">
  <properties>
    <property name="sun.desktop" value="windows"/>
    <property name="awt.toolkit" value="sun.awt.windows.WToolkit"/>
    <property name="file.encoding.pkg" value="sun.io"/>
    <property name="java.specification.version" value="1.8"/>
    <property name="sun.cpu.isalist" value="amd64"/>
    <property name="sun.jnu.encoding" value="Cp1252"/>
    <property name="java.class.path" value="C:\Users\yk30\Documents\CS3052p2\target\test-classes;C:\Users\yk30\Documents\CS3052p2\target\classes;C:\Users\yk30\.m2\repository\junit\junit\4.12\junit-4.12.jar;C:\Users\yk30\.m2\repository\org\hamcrest\hamcrest-core\1.3\hamcrest-core-1.3.jar;C:\Users\yk30\.m2\repository\pl\pragmatists\JUnitParams\1.0.5\JUnitParams-1.0.5.jar;"/>
    <property name="java.vm.vendor" value="Oracle Corporation"/>
    <property name="sun.arch.data.model" value="64"/>
    <property name="user.variant" value=""/>
    <property name="problem" value="4"/>
    <property name="java.vendor.url" value="http://java.oracle.com/"/>
    <property name="user.timezone" value=""/>
    <property name="java.vm.specification.version" value="1.8"/>
    <property name="os.name" value="Windows 10"/>
    <property name="user.country" value="GB"/>
    <property name="sun.java.launcher" value="SUN_STANDARD"/>
    <property name="sun.boot.library.path" value="C:\Program Files\Java\jdk1.8.0_131\jre\bin"/>
    <property name="sun.java.command" value="C:\Users\yk30\AppData\Local\Temp\surefire8426810423023935807\surefirebooter5605126145097609797.jar C:\Users\yk30\AppData\Local\Temp\surefire8426810423023935807 2018-04-26T17-24-01_926-jvmRun1 surefire1147372342806451635tmp surefire_04385706593571129690tmp"/>
    <property name="surefire.test.class.path" value="C:\Users\yk30\Documents\CS3052p2\target\test-classes;C:\Users\yk30\Documents\CS3052p2\target\classes;C:\Users\yk30\.m2\repository\junit\junit\4.12\junit-4.12.jar;C:\Users\yk30\.m2\repository\org\hamcrest\hamcrest-core\1.3\hamcrest-core-1.3.jar;C:\Users\yk30\.m2\repository\pl\pragmatists\JUnitParams\1.0.5\JUnitParams-1.0.5.jar;"/>
    <property name="sun.cpu.endian" value="little"/>
    <property name="user.home" value="C:\Users\yk30"/>
    <property name="user.language" value="en"/>
    <property name="java.specification.vendor" value="Oracle Corporation"/>
    <property name="java.home" value="C:\Program Files\Java\jdk1.8.0_131\jre"/>
    <property name="basedir" value="C:\Users\yk30\Documents\CS3052p2"/>
    <property name="file.separator" value="\"/>
    <property name="line.separator" value="&#10;"/>
    <property name="java.vm.specification.vendor" value="Oracle Corporation"/>
    <property name="java.specification.name" value="Java Platform API Specification"/>
    <property name="java.awt.graphicsenv" value="sun.awt.Win32GraphicsEnvironment"/>
    <property name="surefire.real.class.path" value="C:\Users\yk30\AppData\Local\Temp\surefire8426810423023935807\surefirebooter5605126145097609797.jar"/>
    <property name="sun.boot.class.path" value="C:\Program Files\Java\jdk1.8.0_131\jre\lib\resources.jar;C:\Program Files\Java\jdk1.8.0_131\jre\lib\rt.jar;C:\Program Files\Java\jdk1.8.0_131\jre\lib\sunrsasign.jar;C:\Program Files\Java\jdk1.8.0_131\jre\lib\jsse.jar;C:\Program Files\Java\jdk1.8.0_131\jre\lib\jce.jar;C:\Program Files\Java\jdk1.8.0_131\jre\lib\charsets.jar;C:\Program Files\Java\jdk1.8.0_131\jre\lib\jfr.jar;C:\Program Files\Java\jdk1.8.0_131\jre\classes"/>
    <property name="user.script" value=""/>
    <property name="sun.management.compiler" value="HotSpot 64-Bit Tiered Compilers"/>
    <property name="java.runtime.version" value="1.8.0_131-b11"/>
    <property name="user.name" value="yk30"/>
    <property name="path.separator" value=";"/>
    <property name="os.version" value="10.0"/>
    <property name="java.endorsed.dirs" value="C:\Program Files\Java\jdk1.8.0_131\jre\lib\endorsed"/>
    <property name="java.runtime.name" value="Java(TM) SE Runtime Environment"/>
    <property name="file.encoding" value="Cp1252"/>
    <property name="java.vm.name" value="Java HotSpot(TM) 64-Bit Server VM"/>
    <property name="localRepository" value="C:\Users\yk30\.m2\repository"/>
    <property name="java.vendor.url.bug" value="http://bugreport.sun.com/bugreport/"/>
    <property name="java.io.tmpdir" value="C:\Users\yk30\AppData\Local\Temp\"/>
    <property name="java.version" value="1.8.0_131"/>
    <property name="user.dir" value="C:\Users\yk30\Documents\CS3052p2"/>
    <property name="os.arch" value="amd64"/>
    <property name="java.vm.specification.name" value="Java Virtual Machine Specification"/>
    <property name="java.awt.printerjob" value="sun.awt.windows.WPrinterJob"/>
    <property name="sun.os.patch.level" value=""/>
    <property name="java.library.path" value="C:\Program Files\Java\jdk1.8.0_131\jre\bin;C:\WINDOWS\Sun\Java\bin;C:\WINDOWS\system32;C:\WINDOWS;C:\Program Files (x86)\Intel\iCLS Client\;C:\Program Files (x86)\Graphviz2.38\bin;C:\Program Files\Java\jdk1.8.0_131\bin;C:\ProgramData\Oracle\Java\javapath;C:\Program Files\Intel\iCLS Client\;C:\WINDOWS\system32;C:\WINDOWS;C:\WINDOWS\System32\Wbem;C:\WINDOWS\System32\WindowsPowerShell\v1.0\;C:\Program Files (x86)\GtkSharp\2.12\bin;C:\Program Files\PuTTY\;C:\Program Files\Git\cmd;C:\Users\yk30\Anaconda3\Scripts;C:\Program Files (x86)\Windows Kits\8.1\Windows Performance Toolkit\;C:\Program Files (x86)\Intel\Intel(R) Management Engine Components\DAL;C:\Program Files\Intel\Intel(R) Management Engine Components\DAL;C:\Program Files (x86)\Intel\Intel(R) Management Engine Components\IPT;C:\Program Files\Intel\Intel(R) Management Engine Components\IPT;C:\Program Files\Intel\WiFi\bin\;C:\Program Files\Common Files\Intel\WirelessCommon\;C:\Program Files\Apache Software Foundation\apache-maven-3.5.2\bin;C:\Users\yk30\Anaconda3;C:\Program Files\TortoiseGit\bin;C:\Users\yk30\AppData\Local\Programs\Python\Python36-32\Scripts\;C:\Users\yk30\AppData\Local\Programs\Python\Python36-32\;C:\Program Files (x86)\Graphviz2.38\bin;C:\Program Files\Java\jdk1.8.0_131\bin;C:\ProgramData\Oracle\Java\javapath;C:\Users\yk30\AppData\Local\GitHubDesktop\bin;C:\Users\yk30\AppData\Local\atom\bin;C:\Users\yk30\Anaconda3\Scripts;;%USERPROFILE%\AppData\Local\Microsoft\WindowsApps;."/>
    <property name="java.vm.info" value="mixed mode"/>
    <property name="java.vendor" value="Oracle Corporation"/>
    <property name="java.vm.version" value="25.131-b11"/>
    <property name="propertyName" value="type"/>
    <property name="java.ext.dirs" value="C:\Program Files\Java\jdk1.8.0_131\jre\lib\ext;C:\WINDOWS\Sun\Java\lib\ext"/>
    <property name="sun.io.unicode.encoding" value="UnicodeLittle"/>
    <property name="java.class.version" value="52.0"/>
    <property name="buildDirectory" value="C:\Users\yk30\Documents\CS3052p2\target"/>
  </properties>
  <testcase name="test[0]" classname="turingmachine.PalindromeTest" time="0.06"/>
  <testcase name="test[1]" classname="turingmachine.PalindromeTest" time="0.015"/>
  <testcase name="test[2]" classname="turingmachine.PalindromeTest" time="0.019"/>
  <testcase name="test[3]" classname="turingmachine.PalindromeTest" time="0.016"/>
  <testcase name="test[4]" classname="turingmachine.PalindromeTest" time="0.012"/>
  <testcase name="test[5]" classname="turingmachine.PalindromeTest" time="0.014"/>
  <testcase name="test[6]" classname="turingmachine.PalindromeTest" time="0.013"/>
  <testcase name="test[7]" classname="turingmachine.PalindromeTest" time="0.013"/>
  <testcase name="test[8]" classname="turingmachine.PalindromeTest" time="0.013"/>
  <testcase name="test[9]" classname="turingmachine.PalindromeTest" time="0.021"/>
  <testcase name="test[10]" classname="turingmachine.PalindromeTest" time="0.013"/>
  <testcase name="test[11]" classname="turingmachine.PalindromeTest" time="0.015"/>
  <testcase name="test[12]" classname="turingmachine.PalindromeTest" time="0.036"/>
  <testcase name="test[13]" classname="turingmachine.PalindromeTest" time="0.017"/>
  <testcase name="test[14]" classname="turingmachine.PalindromeTest" time="0.022"/>
  <testcase name="test[15]" classname="turingmachine.PalindromeTest" time="0.023"/>
  <testcase name="test[16]" classname="turingmachine.PalindromeTest" time="0.025"/>
  <testcase name="test[17]" classname="turingmachine.PalindromeTest" time="0.023"/>
  <testcase name="test[18]" classname="turingmachine.PalindromeTest" time="0.013"/>
  <testcase name="test[19]" classname="turingmachine.PalindromeTest" time="0.014"/>
  <testcase name="test[20]" classname="turingmachine.PalindromeTest" time="0.049"/>
  <testcase name="test[21]" classname="turingmachine.PalindromeTest" time="0.013"/>
  <testcase name="test[22]" classname="turingmachine.PalindromeTest" time="0.037"/>
  <testcase name="test[23]" classname="turingmachine.PalindromeTest" time="0.02"/>
  <testcase name="test[24]" classname="turingmachine.PalindromeTest" time="0.023"/>
  <testcase name="test[25]" classname="turingmachine.PalindromeTest" time="0.013"/>
  <testcase name="test[26]" classname="turingmachine.PalindromeTest" time="0.008"/>
  <testcase name="test[27]" classname="turingmachine.PalindromeTest" time="0.018"/>
  <testcase name="test[28]" classname="turingmachine.PalindromeTest" time="0.014"/>
  <testcase name="test[29]" classname="turingmachine.PalindromeTest" time="0.109"/>
  <testcase name="test[30]" classname="turingmachine.PalindromeTest" time="0.052"/>
  <testcase name="test[31]" classname="turingmachine.PalindromeTest" time="0.031"/>
  <testcase name="test[32]" classname="turingmachine.PalindromeTest" time="0.017"/>
  <testcase name="test[33]" classname="turingmachine.PalindromeTest" time="0.018"/>
  <testcase name="test[34]" classname="turingmachine.PalindromeTest" time="0.015"/>
  <testcase name="test[35]" classname="turingmachine.PalindromeTest" time="0.008"/>
  <testcase name="test[36]" classname="turingmachine.PalindromeTest" time="0.037"/>
  <testcase name="test[37]" classname="turingmachine.PalindromeTest" time="0.006"/>
  <testcase name="test[38]" classname="turingmachine.PalindromeTest" time="0.009"/>
  <testcase name="test[39]" classname="turingmachine.PalindromeTest" time="0.01"/>
  <testcase name="test[40]" classname="turingmachine.PalindromeTest" time="0.022"/>
  <testcase name="test[41]" classname="turingmachine.PalindromeTest" time="0.018"/>
  <testcase name="test[42]" classname="turingmachine.PalindromeTest" time="0.01"/>
  <testcase name="test[43]" classname="turingmachine.PalindromeTest" time="0.023"/>
  <testcase name="test[44]" classname="turingmachine.PalindromeTest" time="0.008"/>
  <testcase name="test[45]" classname="turingmachine.PalindromeTest" time="0.015"/>
  <testcase name="test[46]" classname="turingmachine.PalindromeTest" time="0.012"/>
  <testcase name="test[47]" classname="turingmachine.PalindromeTest" time="0.016"/>
  <testcase name="test[48]" classname="turingmachine.PalindromeTest" time="0.018"/>
  <testcase name="test[49]" classname="turingmachine.PalindromeTest" time="0.009"/>
  <testcase name="test[50]" classname="turingmachine.PalindromeTest" time="0.014"/>
  <testcase name="test[51]" classname="turingmachine.PalindromeTest" time="0.013"/>
  <testcase name="test[52]" classname="turingmachine.PalindromeTest" time="0.009"/>
  <testcase name="test[53]" classname="turingmachine.PalindromeTest" time="0.027"/>
  <testcase name="test[54]" classname="turingmachine.PalindromeTest" time="0.015"/>
  <testcase name="test[55]" classname="turingmachine.PalindromeTest" time="0.009"/>
  <testcase name="test[56]" classname="turingmachine.PalindromeTest" time="0.013"/>
  <testcase name="test[57]" classname="turingmachine.PalindromeTest" time="0.015"/>
  <testcase name="test[58]" classname="turingmachine.PalindromeTest" time="0.012"/>
  <testcase name="test[59]" classname="turingmachine.PalindromeTest" time="0.014"/>
  <testcase name="test[60]" classname="turingmachine.PalindromeTest" time="0.014"/>
  <testcase name="test[61]" classname="turingmachine.PalindromeTest" time="0.011"/>
  <testcase name="test[62]" classname="turingmachine.PalindromeTest" time="0.014"/>
  <testcase name="test[63]" classname="turingmachine.PalindromeTest" time="0.022"/>
  <testcase name="test[64]" classname="turingmachine.PalindromeTest" time="0.039"/>
  <testcase name="test[65]" classname="turingmachine.PalindromeTest" time="0.014"/>
  <testcase name="test[66]" classname="turingmachine.PalindromeTest" time="0.01"/>
  <testcase name="test[67]" classname="turingmachine.PalindromeTest" time="0.012"/>
  <testcase name="test[68]" classname="turingmachine.PalindromeTest" time="0.012"/>
  <testcase name="test[69]" classname="turingmachine.PalindromeTest" time="0.011"/>
  <testcase name="test[70]" classname="turingmachine.PalindromeTest" time="0.007"/>
  <testcase name="test[71]" classname="turingmachine.PalindromeTest" time="0.017"/>
  <testcase name="test[72]" classname="turingmachine.PalindromeTest" time="0.014"/>
  <testcase name="test[73]" classname="turingmachine.PalindromeTest" time="0.134"/>
  <testcase name="test[74]" classname="turingmachine.PalindromeTest" time="0.104"/>
  <testcase name="test[75]" classname="turingmachine.PalindromeTest" time="0.019"/>
  <testcase name="test[76]" classname="turingmachine.PalindromeTest" time="0.024"/>
  <testcase name="test[77]" classname="turingmachine.PalindromeTest" time="0.054"/>
  <testcase name="test[78]" classname="turingmachine.PalindromeTest" time="0.078"/>
  <testcase name="test[79]" classname="turingmachine.PalindromeTest" time="0.094"/>
  <testcase name="test[80]" classname="turingmachine.PalindromeTest" time="0.021"/>
  <testcase name="test[81]" classname="turingmachine.PalindromeTest" time="0.014"/>
  <testcase name="test[82]" classname="turingmachine.PalindromeTest" time="0.02"/>
  <testcase name="test[83]" classname="turingmachine.PalindromeTest" time="0.017"/>
  <testcase name="test[84]" classname="turingmachine.PalindromeTest" time="0.013"/>
  <testcase name="test[85]" classname="turingmachine.PalindromeTest" time="0.011"/>
  <testcase name="test[86]" classname="turingmachine.PalindromeTest" time="0.015"/>
  <testcase name="test[87]" classname="turingmachine.PalindromeTest" time="0.051"/>
  <testcase name="test[88]" classname="turingmachine.PalindromeTest" time="0.112"/>
  <testcase name="test[89]" classname="turingmachine.PalindromeTest" time="0.059"/>
  <testcase name="test[90]" classname="turingmachine.PalindromeTest" time="0.115"/>
  <testcase name="test[91]" classname="turingmachine.PalindromeTest" time="0.054"/>
  <testcase name="test[92]" classname="turingmachine.PalindromeTest" time="0.012"/>
  <testcase name="test[93]" classname="turingmachine.PalindromeTest" time="0.019"/>
  <testcase name="test[94]" classname="turingmachine.PalindromeTest" time="0.014"/>
  <testcase name="test[95]" classname="turingmachine.PalindromeTest" time="0.041"/>
  <testcase name="test[96]" classname="turingmachine.PalindromeTest" time="0.018"/>
  <testcase name="test[97]" classname="turingmachine.PalindromeTest" time="0.013"/>
  <testcase name="test[98]" classname="turingmachine.PalindromeTest" time="0.013"/>
  <testcase name="test[99]" classname="turingmachine.PalindromeTest" time="0.023"/>
  <testcase name="test[100]" classname="turingmachine.PalindromeTest" time="0.02"/>
  <testcase name="test[101]" classname="turingmachine.PalindromeTest" time="0.014"/>
  <testcase name="test[102]" classname="turingmachine.PalindromeTest" time="0.019"/>
  <testcase name="test[103]" classname="turingmachine.PalindromeTest" time="0.038"/>
  <testcase name="test[104]" classname="turingmachine.PalindromeTest" time="0.012"/>
  <testcase name="test[105]" classname="turingmachine.PalindromeTest" time="0.009"/>
  <testcase name="test[106]" classname="turingmachine.PalindromeTest" time="0.037"/>
  <testcase name="test[107]" classname="turingmachine.PalindromeTest" time="0.011"/>
  <testcase name="test[108]" classname="turingmachine.PalindromeTest" time="0.008"/>
  <testcase name="test[109]" classname="turingmachine.PalindromeTest" time="0.021"/>
  <testcase name="test[110]" classname="turingmachine.PalindromeTest" time="0.015"/>
  <testcase name="test[111]" classname="turingmachine.PalindromeTest" time="0.018"/>
  <testcase name="test[112]" classname="turingmachine.PalindromeTest" time="0.018"/>
  <testcase name="test[113]" classname="turingmachine.PalindromeTest" time="0.018"/>
  <testcase name="test[114]" classname="turingmachine.PalindromeTest" time="0.019"/>
  <testcase name="test[115]" classname="turingmachine.PalindromeTest" time="0.013"/>
  <testcase name="test[116]" classname="turingmachine.PalindromeTest" time="0.014"/>
  <testcase name="test[117]" classname="turingmachine.PalindromeTest" time="0.02"/>
  <testcase name="test[118]" classname="turingmachine.PalindromeTest" time="0.01"/>
  <testcase name="test[119]" classname="turingmachine.PalindromeTest" time="0.015"/>
</testsuite>