<?xml version="1.0" encoding="UTF-8"?>
<testsuite xmlns:xsi="http://www.w3.org/2001/XMLSchema-instance" xsi:noNamespaceSchemaLocation="https://maven.apache.org/surefire/maven-surefire-plugin/xsd/surefire-test-report.xsd" name="turingmachine.PalindromeTest" time="3.52" tests="200" errors="0" skipped="0" failures="0">
  <properties>
    <property name="sun.desktop" value="gnome"/>
    <property name="awt.toolkit" value="sun.awt.X11.XToolkit"/>
    <property name="file.encoding.pkg" value="sun.io"/>
    <property name="java.specification.version" value="1.8"/>
    <property name="sun.cpu.isalist" value=""/>
    <property name="sun.jnu.encoding" value="UTF-8"/>
    <property name="java.class.path" value="/cs/home/yk30/Documents/cs3052/CS3052p2/target/test-classes:/cs/home/yk30/Documents/cs3052/CS3052p2/target/classes:/cs/home/yk30/.m2/repository/junit/junit/4.12/junit-4.12.jar:/cs/home/yk30/.m2/repository/org/hamcrest/hamcrest-core/1.3/hamcrest-core-1.3.jar:/cs/home/yk30/.m2/repository/pl/pragmatists/JUnitParams/1.0.5/JUnitParams-1.0.5.jar:"/>
    <property name="java.vm.vendor" value="Oracle Corporation"/>
    <property name="sun.arch.data.model" value="64"/>
    <property name="problem" value="1"/>
    <property name="java.vendor.url" value="http://java.oracle.com/"/>
    <property name="user.timezone" value=""/>
    <property name="java.vm.specification.version" value="1.8"/>
    <property name="os.name" value="Linux"/>
    <property name="user.country" value="GB"/>
    <property name="sun.java.launcher" value="SUN_STANDARD"/>
    <property name="sun.boot.library.path" value="/usr/local/jdk1.8.0_161/jre/lib/amd64"/>
    <property name="sun.java.command" value="/cs/home/yk30/Documents/cs3052/CS3052p2/target/surefire/surefirebooter1857269588406707242.jar /cs/home/yk30/Documents/cs3052/CS3052p2/target/surefire 2018-04-27T02-14-40_732-jvmRun1 surefire5842531498343007333tmp surefire_06593039645530810236tmp"/>
    <property name="surefire.test.class.path" value="/cs/home/yk30/Documents/cs3052/CS3052p2/target/test-classes:/cs/home/yk30/Documents/cs3052/CS3052p2/target/classes:/cs/home/yk30/.m2/repository/junit/junit/4.12/junit-4.12.jar:/cs/home/yk30/.m2/repository/org/hamcrest/hamcrest-core/1.3/hamcrest-core-1.3.jar:/cs/home/yk30/.m2/repository/pl/pragmatists/JUnitParams/1.0.5/JUnitParams-1.0.5.jar:"/>
    <property name="sun.cpu.endian" value="little"/>
    <property name="user.home" value="/cs/home/yk30"/>
    <property name="user.language" value="en"/>
    <property name="java.specification.vendor" value="Oracle Corporation"/>
    <property name="java.home" value="/usr/local/jdk1.8.0_161/jre"/>
    <property name="basedir" value="/cs/home/yk30/Documents/cs3052/CS3052p2"/>
    <property name="file.separator" value="/"/>
    <property name="line.separator" value="&#10;"/>
    <property name="java.vm.specification.vendor" value="Oracle Corporation"/>
    <property name="java.specification.name" value="Java Platform API Specification"/>
    <property name="java.awt.graphicsenv" value="sun.awt.X11GraphicsEnvironment"/>
    <property name="surefire.real.class.path" value="/cs/home/yk30/Documents/cs3052/CS3052p2/target/surefire/surefirebooter1857269588406707242.jar"/>
    <property name="errors" value="f"/>
    <property name="sun.boot.class.path" value="/usr/local/jdk1.8.0_161/jre/lib/resources.jar:/usr/local/jdk1.8.0_161/jre/lib/rt.jar:/usr/local/jdk1.8.0_161/jre/lib/sunrsasign.jar:/usr/local/jdk1.8.0_161/jre/lib/jsse.jar:/usr/local/jdk1.8.0_161/jre/lib/jce.jar:/usr/local/jdk1.8.0_161/jre/lib/charsets.jar:/usr/local/jdk1.8.0_161/jre/lib/jfr.jar:/usr/local/jdk1.8.0_161/jre/classes"/>
    <property name="sun.management.compiler" value="HotSpot 64-Bit Tiered Compilers"/>
    <property name="java.runtime.version" value="1.8.0_161-b12"/>
    <property name="user.name" value="yk30"/>
    <property name="path.separator" value=":"/>
    <property name="os.version" value="4.15.17-300.fc27.x86_64"/>
    <property name="java.endorsed.dirs" value="/usr/local/jdk1.8.0_161/jre/lib/endorsed"/>
    <property name="java.runtime.name" value="Java(TM) SE Runtime Environment"/>
    <property name="file.encoding" value="UTF-8"/>
    <property name="java.vm.name" value="Java HotSpot(TM) 64-Bit Server VM"/>
    <property name="localRepository" value="/cs/home/yk30/.m2/repository"/>
    <property name="java.vendor.url.bug" value="http://bugreport.sun.com/bugreport/"/>
    <property name="java.io.tmpdir" value="/tmp"/>
    <property name="java.version" value="1.8.0_161"/>
    <property name="user.dir" value="/cs/home/yk30/Documents/cs3052/CS3052p2"/>
    <property name="os.arch" value="amd64"/>
    <property name="java.vm.specification.name" value="Java Virtual Machine Specification"/>
    <property name="java.awt.printerjob" value="sun.print.PSPrinterJob"/>
    <property name="sun.os.patch.level" value="unknown"/>
    <property name="java.library.path" value="/cs/home/yk30/usr/lib:/usr/java/packages/lib/amd64:/usr/lib64:/lib64:/lib:/usr/lib"/>
    <property name="java.vm.info" value="mixed mode"/>
    <property name="java.vendor" value="Oracle Corporation"/>
    <property name="java.vm.version" value="25.161-b12"/>
    <property name="propertyName" value="type"/>
    <property name="java.ext.dirs" value="/usr/local/jdk1.8.0_161/jre/lib/ext:/usr/java/packages/lib/ext"/>
    <property name="sun.io.unicode.encoding" value="UnicodeLittle"/>
    <property name="java.class.version" value="52.0"/>
    <property name="buildDirectory" value="/cs/home/yk30/Documents/cs3052/CS3052p2/target"/>
  </properties>
  <testcase name="test[0]" classname="turingmachine.PalindromeTest" time="0.043"/>
  <testcase name="test[1]" classname="turingmachine.PalindromeTest" time="0.018"/>
  <testcase name="test[2]" classname="turingmachine.PalindromeTest" time="0.017"/>
  <testcase name="test[3]" classname="turingmachine.PalindromeTest" time="0.015"/>
  <testcase name="test[4]" classname="turingmachine.PalindromeTest" time="0.014"/>
  <testcase name="test[5]" classname="turingmachine.PalindromeTest" time="0.013"/>
  <testcase name="test[6]" classname="turingmachine.PalindromeTest" time="0.013"/>
  <testcase name="test[7]" classname="turingmachine.PalindromeTest" time="0.01"/>
  <testcase name="test[8]" classname="turingmachine.PalindromeTest" time="0.01"/>
  <testcase name="test[9]" classname="turingmachine.PalindromeTest" time="0.012"/>
  <testcase name="test[10]" classname="turingmachine.PalindromeTest" time="0.014"/>
  <testcase name="test[11]" classname="turingmachine.PalindromeTest" time="0.013"/>
  <testcase name="test[12]" classname="turingmachine.PalindromeTest" time="0.014"/>
  <testcase name="test[13]" classname="turingmachine.PalindromeTest" time="0.013"/>
  <testcase name="test[14]" classname="turingmachine.PalindromeTest" time="0.013"/>
  <testcase name="test[15]" classname="turingmachine.PalindromeTest" time="0.012"/>
  <testcase name="test[16]" classname="turingmachine.PalindromeTest" time="0.01"/>
  <testcase name="test[17]" classname="turingmachine.PalindromeTest" time="0.01"/>
  <testcase name="test[18]" classname="turingmachine.PalindromeTest" time="0.01"/>
  <testcase name="test[19]" classname="turingmachine.PalindromeTest" time="0.011"/>
  <testcase name="test[20]" classname="turingmachine.PalindromeTest" time="0.015"/>
  <testcase name="test[21]" classname="turingmachine.PalindromeTest" time="0.018"/>
  <testcase name="test[22]" classname="turingmachine.PalindromeTest" time="0.009"/>
  <testcase name="test[23]" classname="turingmachine.PalindromeTest" time="0.011"/>
  <testcase name="test[24]" classname="turingmachine.PalindromeTest" time="0.012"/>
  <testcase name="test[25]" classname="turingmachine.PalindromeTest" time="0.009"/>
  <testcase name="test[26]" classname="turingmachine.PalindromeTest" time="0.01"/>
  <testcase name="test[27]" classname="turingmachine.PalindromeTest" time="0.01"/>
  <testcase name="test[28]" classname="turingmachine.PalindromeTest" time="0.011"/>
  <testcase name="test[29]" classname="turingmachine.PalindromeTest" time="0.008"/>
  <testcase name="test[30]" classname="turingmachine.PalindromeTest" time="0.01"/>
  <testcase name="test[31]" classname="turingmachine.PalindromeTest" time="0.011"/>
  <testcase name="test[32]" classname="turingmachine.PalindromeTest" time="0.01"/>
  <testcase name="test[33]" classname="turingmachine.PalindromeTest" time="0.01"/>
  <testcase name="test[34]" classname="turingmachine.PalindromeTest" time="0.01"/>
  <testcase name="test[35]" classname="turingmachine.PalindromeTest" time="0.009"/>
  <testcase name="test[36]" classname="turingmachine.PalindromeTest" time="0.01"/>
  <testcase name="test[37]" classname="turingmachine.PalindromeTest" time="0.009"/>
  <testcase name="test[38]" classname="turingmachine.PalindromeTest" time="0.009"/>
  <testcase name="test[39]" classname="turingmachine.PalindromeTest" time="0.01"/>
  <testcase name="test[40]" classname="turingmachine.PalindromeTest" time="0.013"/>
  <testcase name="test[41]" classname="turingmachine.PalindromeTest" time="0.012"/>
  <testcase name="test[42]" classname="turingmachine.PalindromeTest" time="0.013"/>
  <testcase name="test[43]" classname="turingmachine.PalindromeTest" time="0.008"/>
  <testcase name="test[44]" classname="turingmachine.PalindromeTest" time="0.013"/>
  <testcase name="test[45]" classname="turingmachine.PalindromeTest" time="0.011"/>
  <testcase name="test[46]" classname="turingmachine.PalindromeTest" time="0.014"/>
  <testcase name="test[47]" classname="turingmachine.PalindromeTest" time="0.009"/>
  <testcase name="test[48]" classname="turingmachine.PalindromeTest" time="0.011"/>
  <testcase name="test[49]" classname="turingmachine.PalindromeTest" time="0.012"/>
  <testcase name="test[50]" classname="turingmachine.PalindromeTest" time="0.009"/>
  <testcase name="test[51]" classname="turingmachine.PalindromeTest" time="0.013"/>
  <testcase name="test[52]" classname="turingmachine.PalindromeTest" time="0.01"/>
  <testcase name="test[53]" classname="turingmachine.PalindromeTest" time="0.008"/>
  <testcase name="test[54]" classname="turingmachine.PalindromeTest" time="0.011"/>
  <testcase name="test[55]" classname="turingmachine.PalindromeTest" time="0.009"/>
  <testcase name="test[56]" classname="turingmachine.PalindromeTest" time="0.011"/>
  <testcase name="test[57]" classname="turingmachine.PalindromeTest" time="0.009"/>
  <testcase name="test[58]" classname="turingmachine.PalindromeTest" time="0.013"/>
  <testcase name="test[59]" classname="turingmachine.PalindromeTest" time="0.012"/>
  <testcase name="test[60]" classname="turingmachine.PalindromeTest" time="0.016"/>
  <testcase name="test[61]" classname="turingmachine.PalindromeTest" time="0.014"/>
  <testcase name="test[62]" classname="turingmachine.PalindromeTest" time="0.013"/>
  <testcase name="test[63]" classname="turingmachine.PalindromeTest" time="0.014"/>
  <testcase name="test[64]" classname="turingmachine.PalindromeTest" time="0.012"/>
  <testcase name="test[65]" classname="turingmachine.PalindromeTest" time="0.013"/>
  <testcase name="test[66]" classname="turingmachine.PalindromeTest" time="0.014"/>
  <testcase name="test[67]" classname="turingmachine.PalindromeTest" time="0.015"/>
  <testcase name="test[68]" classname="turingmachine.PalindromeTest" time="0.009"/>
  <testcase name="test[69]" classname="turingmachine.PalindromeTest" time="0.008"/>
  <testcase name="test[70]" classname="turingmachine.PalindromeTest" time="0.015"/>
  <testcase name="test[71]" classname="turingmachine.PalindromeTest" time="0.013"/>
  <testcase name="test[72]" classname="turingmachine.PalindromeTest" time="0.012"/>
  <testcase name="test[73]" classname="turingmachine.PalindromeTest" time="0.01"/>
  <testcase name="test[74]" classname="turingmachine.PalindromeTest" time="0.014"/>
  <testcase name="test[75]" classname="turingmachine.PalindromeTest" time="0.009"/>
  <testcase name="test[76]" classname="turingmachine.PalindromeTest" time="0.015"/>
  <testcase name="test[77]" classname="turingmachine.PalindromeTest" time="0.021"/>
  <testcase name="test[78]" classname="turingmachine.PalindromeTest" time="0.008"/>
  <testcase name="test[79]" classname="turingmachine.PalindromeTest" time="0.015"/>
  <testcase name="test[80]" classname="turingmachine.PalindromeTest" time="0.014"/>
  <testcase name="test[81]" classname="turingmachine.PalindromeTest" time="0.015"/>
  <testcase name="test[82]" classname="turingmachine.PalindromeTest" time="0.008"/>
  <testcase name="test[83]" classname="turingmachine.PalindromeTest" time="0.009"/>
  <testcase name="test[84]" classname="turingmachine.PalindromeTest" time="0.013"/>
  <testcase name="test[85]" classname="turingmachine.PalindromeTest" time="0.008"/>
  <testcase name="test[86]" classname="turingmachine.PalindromeTest" time="0.016"/>
  <testcase name="test[87]" classname="turingmachine.PalindromeTest" time="0.013"/>
  <testcase name="test[88]" classname="turingmachine.PalindromeTest" time="0.014"/>
  <testcase name="test[89]" classname="turingmachine.PalindromeTest" time="0.015"/>
  <testcase name="test[90]" classname="turingmachine.PalindromeTest" time="0.012"/>
  <testcase name="test[91]" classname="turingmachine.PalindromeTest" time="0.014"/>
  <testcase name="test[92]" classname="turingmachine.PalindromeTest" time="0.017"/>
  <testcase name="test[93]" classname="turingmachine.PalindromeTest" time="0.013"/>
  <testcase name="test[94]" classname="turingmachine.PalindromeTest" time="0.016"/>
  <testcase name="test[95]" classname="turingmachine.PalindromeTest" time="0.015"/>
  <testcase name="test[96]" classname="turingmachine.PalindromeTest" time="0.016"/>
  <testcase name="test[97]" classname="turingmachine.PalindromeTest" time="0.007"/>
  <testcase name="test[98]" classname="turingmachine.PalindromeTest" time="0.018"/>
  <testcase name="test[99]" classname="turingmachine.PalindromeTest" time="0.021"/>
  <testcase name="test[100]" classname="turingmachine.PalindromeTest" time="0.019"/>
  <testcase name="test[101]" classname="turingmachine.PalindromeTest" time="0.008"/>
  <testcase name="test[102]" classname="turingmachine.PalindromeTest" time="0.02"/>
  <testcase name="test[103]" classname="turingmachine.PalindromeTest" time="0.015"/>
  <testcase name="test[104]" classname="turingmachine.PalindromeTest" time="0.009"/>
  <testcase name="test[105]" classname="turingmachine.PalindromeTest" time="0.021"/>
  <testcase name="test[106]" classname="turingmachine.PalindromeTest" time="0.017"/>
  <testcase name="test[107]" classname="turingmachine.PalindromeTest" time="0.007"/>
  <testcase name="test[108]" classname="turingmachine.PalindromeTest" time="0.016"/>
  <testcase name="test[109]" classname="turingmachine.PalindromeTest" time="0.017"/>
  <testcase name="test[110]" classname="turingmachine.PalindromeTest" time="0.007"/>
  <testcase name="test[111]" classname="turingmachine.PalindromeTest" time="0.007"/>
  <testcase name="test[112]" classname="turingmachine.PalindromeTest" time="0.008"/>
  <testcase name="test[113]" classname="turingmachine.PalindromeTest" time="0.008"/>
  <testcase name="test[114]" classname="turingmachine.PalindromeTest" time="0.017"/>
  <testcase name="test[115]" classname="turingmachine.PalindromeTest" time="0.008"/>
  <testcase name="test[116]" classname="turingmachine.PalindromeTest" time="0.016"/>
  <testcase name="test[117]" classname="turingmachine.PalindromeTest" time="0.018"/>
  <testcase name="test[118]" classname="turingmachine.PalindromeTest" time="0.008"/>
  <testcase name="test[119]" classname="turingmachine.PalindromeTest" time="0.016"/>
  <testcase name="test[120]" classname="turingmachine.PalindromeTest" time="0.023"/>
  <testcase name="test[121]" classname="turingmachine.PalindromeTest" time="0.025"/>
  <testcase name="test[122]" classname="turingmachine.PalindromeTest" time="0.008"/>
  <testcase name="test[123]" classname="turingmachine.PalindromeTest" time="0.008"/>
  <testcase name="test[124]" classname="turingmachine.PalindromeTest" time="0.026"/>
  <testcase name="test[125]" classname="turingmachine.PalindromeTest" time="0.008"/>
  <testcase name="test[126]" classname="turingmachine.PalindromeTest" time="0.024"/>
  <testcase name="test[127]" classname="turingmachine.PalindromeTest" time="0.009"/>
  <testcase name="test[128]" classname="turingmachine.PalindromeTest" time="0.024"/>
  <testcase name="test[129]" classname="turingmachine.PalindromeTest" time="0.015"/>
  <testcase name="test[130]" classname="turingmachine.PalindromeTest" time="0.015"/>
  <testcase name="test[131]" classname="turingmachine.PalindromeTest" time="0.023"/>
  <testcase name="test[132]" classname="turingmachine.PalindromeTest" time="0.023"/>
  <testcase name="test[133]" classname="turingmachine.PalindromeTest" time="0.022"/>
  <testcase name="test[134]" classname="turingmachine.PalindromeTest" time="0.022"/>
  <testcase name="test[135]" classname="turingmachine.PalindromeTest" time="0.026"/>
  <testcase name="test[136]" classname="turingmachine.PalindromeTest" time="0.008"/>
  <testcase name="test[137]" classname="turingmachine.PalindromeTest" time="0.025"/>
  <testcase name="test[138]" classname="turingmachine.PalindromeTest" time="0.021"/>
  <testcase name="test[139]" classname="turingmachine.PalindromeTest" time="0.008"/>
  <testcase name="test[140]" classname="turingmachine.PalindromeTest" time="0.025"/>
  <testcase name="test[141]" classname="turingmachine.PalindromeTest" time="0.027"/>
  <testcase name="test[142]" classname="turingmachine.PalindromeTest" time="0.026"/>
  <testcase name="test[143]" classname="turingmachine.PalindromeTest" time="0.021"/>
  <testcase name="test[144]" classname="turingmachine.PalindromeTest" time="0.024"/>
  <testcase name="test[145]" classname="turingmachine.PalindromeTest" time="0.027"/>
  <testcase name="test[146]" classname="turingmachine.PalindromeTest" time="0.02"/>
  <testcase name="test[147]" classname="turingmachine.PalindromeTest" time="0.042"/>
  <testcase name="test[148]" classname="turingmachine.PalindromeTest" time="0.022"/>
  <testcase name="test[149]" classname="turingmachine.PalindromeTest" time="0.023"/>
  <testcase name="test[150]" classname="turingmachine.PalindromeTest" time="0.028"/>
  <testcase name="test[151]" classname="turingmachine.PalindromeTest" time="0.008"/>
  <testcase name="test[152]" classname="turingmachine.PalindromeTest" time="0.016"/>
  <testcase name="test[153]" classname="turingmachine.PalindromeTest" time="0.024"/>
  <testcase name="test[154]" classname="turingmachine.PalindromeTest" time="0.008"/>
  <testcase name="test[155]" classname="turingmachine.PalindromeTest" time="0.021"/>
  <testcase name="test[156]" classname="turingmachine.PalindromeTest" time="0.012"/>
  <testcase name="test[157]" classname="turingmachine.PalindromeTest" time="0.027"/>
  <testcase name="test[158]" classname="turingmachine.PalindromeTest" time="0.024"/>
  <testcase name="test[159]" classname="turingmachine.PalindromeTest" time="0.008"/>
  <testcase name="test[160]" classname="turingmachine.PalindromeTest" time="0.009"/>
  <testcase name="test[161]" classname="turingmachine.PalindromeTest" time="0.01"/>
  <testcase name="test[162]" classname="turingmachine.PalindromeTest" time="0.031"/>
  <testcase name="test[163]" classname="turingmachine.PalindromeTest" time="0.024"/>
  <testcase name="test[164]" classname="turingmachine.PalindromeTest" time="0.03"/>
  <testcase name="test[165]" classname="turingmachine.PalindromeTest" time="0.032"/>
  <testcase name="test[166]" classname="turingmachine.PalindromeTest" time="0.009"/>
  <testcase name="test[167]" classname="turingmachine.PalindromeTest" time="0.033"/>
  <testcase name="test[168]" classname="turingmachine.PalindromeTest" time="0.03"/>
  <testcase name="test[169]" classname="turingmachine.PalindromeTest" time="0.029"/>
  <testcase name="test[170]" classname="turingmachine.PalindromeTest" time="0.032"/>
  <testcase name="test[171]" classname="turingmachine.PalindromeTest" time="0.032"/>
  <testcase name="test[172]" classname="turingmachine.PalindromeTest" time="0.009"/>
  <testcase name="test[173]" classname="turingmachine.PalindromeTest" time="0.037"/>
  <testcase name="test[174]" classname="turingmachine.PalindromeTest" time="0.028"/>
  <testcase name="test[175]" classname="turingmachine.PalindromeTest" time="0.008"/>
  <testcase name="test[176]" classname="turingmachine.PalindromeTest" time="0.032"/>
  <testcase name="test[177]" classname="turingmachine.PalindromeTest" time="0.013"/>
  <testcase name="test[178]" classname="turingmachine.PalindromeTest" time="0.026"/>
  <testcase name="test[179]" classname="turingmachine.PalindromeTest" time="0.029"/>
  <testcase name="test[180]" classname="turingmachine.PalindromeTest" time="0.033"/>
  <testcase name="test[181]" classname="turingmachine.PalindromeTest" time="0.008"/>
  <testcase name="test[182]" classname="turingmachine.PalindromeTest" time="0.034"/>
  <testcase name="test[183]" classname="turingmachine.PalindromeTest" time="0.035"/>
  <testcase name="test[184]" classname="turingmachine.PalindromeTest" time="0.034"/>
  <testcase name="test[185]" classname="turingmachine.PalindromeTest" time="0.034"/>
  <testcase name="test[186]" classname="turingmachine.PalindromeTest" time="0.015"/>
  <testcase name="test[187]" classname="turingmachine.PalindromeTest" time="0.008"/>
  <testcase name="test[188]" classname="turingmachine.PalindromeTest" time="0.036"/>
  <testcase name="test[189]" classname="turingmachine.PalindromeTest" time="0.034"/>
  <testcase name="test[190]" classname="turingmachine.PalindromeTest" time="0.008"/>
  <testcase name="test[191]" classname="turingmachine.PalindromeTest" time="0.009"/>
  <testcase name="test[192]" classname="turingmachine.PalindromeTest" time="0.035"/>
  <testcase name="test[193]" classname="turingmachine.PalindromeTest" time="0.023"/>
  <testcase name="test[194]" classname="turingmachine.PalindromeTest" time="0.034"/>
  <testcase name="test[195]" classname="turingmachine.PalindromeTest" time="0.008"/>
  <testcase name="test[196]" classname="turingmachine.PalindromeTest" time="0.032"/>
  <testcase name="test[197]" classname="turingmachine.PalindromeTest" time="0.031"/>
  <testcase name="test[198]" classname="turingmachine.PalindromeTest" time="0.03"/>
  <testcase name="test[199]" classname="turingmachine.PalindromeTest" time="0.031"/>
</testsuite>